2024/02/04 17:40:58 Received {c0 n0 {"type":"init","node_id":"n0","node_ids":["n0"],"msg_id":1}}
2024/02/04 17:40:58 Node n0 initialized
2024/02/04 17:40:58 Sent {"src":"n0","dest":"c0","body":{"in_reply_to":1,"type":"init_ok"}}
2024/02/04 17:40:58 Received {c2 n0 {"echo":"Please echo 71","type":"echo","msg_id":1}}
2024/02/04 17:40:58 Incoming Message Body: map[echo:Please echo 71 msg_id:%!s(float64=1) type:echo]
2024/02/04 17:40:58 Sent {"src":"n0","dest":"c2","body":{"echo":"Please echo 71","in_reply_to":1,"msg_id":1,"type":"echo_ok"}}
2024/02/04 17:40:58 Received {c2 n0 {"echo":"Please echo 87","type":"echo","msg_id":2}}
2024/02/04 17:40:58 Incoming Message Body: map[echo:Please echo 87 msg_id:%!s(float64=2) type:echo]
2024/02/04 17:40:58 Sent {"src":"n0","dest":"c2","body":{"echo":"Please echo 87","in_reply_to":2,"msg_id":2,"type":"echo_ok"}}
2024/02/04 17:40:58 Received {c2 n0 {"echo":"Please echo 42","type":"echo","msg_id":3}}
2024/02/04 17:40:58 Incoming Message Body: map[echo:Please echo 42 msg_id:%!s(float64=3) type:echo]
2024/02/04 17:40:58 Sent {"src":"n0","dest":"c2","body":{"echo":"Please echo 42","in_reply_to":3,"msg_id":3,"type":"echo_ok"}}
2024/02/04 17:40:58 Received {c2 n0 {"echo":"Please echo 18","type":"echo","msg_id":4}}
2024/02/04 17:40:58 Incoming Message Body: map[echo:Please echo 18 msg_id:%!s(float64=4) type:echo]
2024/02/04 17:40:58 Sent {"src":"n0","dest":"c2","body":{"echo":"Please echo 18","in_reply_to":4,"msg_id":4,"type":"echo_ok"}}
2024/02/04 17:40:58 Received {c2 n0 {"echo":"Please echo 114","type":"echo","msg_id":5}}
2024/02/04 17:40:58 Incoming Message Body: map[echo:Please echo 114 msg_id:%!s(float64=5) type:echo]
2024/02/04 17:40:58 Sent {"src":"n0","dest":"c2","body":{"echo":"Please echo 114","in_reply_to":5,"msg_id":5,"type":"echo_ok"}}
2024/02/04 17:40:58 Received {c2 n0 {"echo":"Please echo 85","type":"echo","msg_id":6}}
2024/02/04 17:40:58 Incoming Message Body: map[echo:Please echo 85 msg_id:%!s(float64=6) type:echo]
2024/02/04 17:40:58 Sent {"src":"n0","dest":"c2","body":{"echo":"Please echo 85","in_reply_to":6,"msg_id":6,"type":"echo_ok"}}
2024/02/04 17:40:59 Received {c2 n0 {"echo":"Please echo 34","type":"echo","msg_id":7}}
2024/02/04 17:40:59 Incoming Message Body: map[echo:Please echo 34 msg_id:%!s(float64=7) type:echo]
2024/02/04 17:40:59 Sent {"src":"n0","dest":"c2","body":{"echo":"Please echo 34","in_reply_to":7,"msg_id":7,"type":"echo_ok"}}
2024/02/04 17:40:59 Received {c2 n0 {"echo":"Please echo 100","type":"echo","msg_id":8}}
2024/02/04 17:40:59 Incoming Message Body: map[echo:Please echo 100 msg_id:%!s(float64=8) type:echo]
2024/02/04 17:40:59 Sent {"src":"n0","dest":"c2","body":{"echo":"Please echo 100","in_reply_to":8,"msg_id":8,"type":"echo_ok"}}
2024/02/04 17:40:59 Received {c2 n0 {"echo":"Please echo 52","type":"echo","msg_id":9}}
2024/02/04 17:40:59 Incoming Message Body: map[echo:Please echo 52 msg_id:%!s(float64=9) type:echo]
2024/02/04 17:40:59 Sent {"src":"n0","dest":"c2","body":{"echo":"Please echo 52","in_reply_to":9,"msg_id":9,"type":"echo_ok"}}
2024/02/04 17:40:59 Received {c2 n0 {"echo":"Please echo 53","type":"echo","msg_id":10}}
2024/02/04 17:40:59 Incoming Message Body: map[echo:Please echo 53 msg_id:%!s(float64=10) type:echo]
2024/02/04 17:40:59 Sent {"src":"n0","dest":"c2","body":{"echo":"Please echo 53","in_reply_to":10,"msg_id":10,"type":"echo_ok"}}
2024/02/04 17:40:59 Received {c2 n0 {"echo":"Please echo 15","type":"echo","msg_id":11}}
2024/02/04 17:40:59 Incoming Message Body: map[echo:Please echo 15 msg_id:%!s(float64=11) type:echo]
2024/02/04 17:40:59 Sent {"src":"n0","dest":"c2","body":{"echo":"Please echo 15","in_reply_to":11,"msg_id":11,"type":"echo_ok"}}
2024/02/04 17:41:00 Received {c2 n0 {"echo":"Please echo 47","type":"echo","msg_id":12}}
2024/02/04 17:41:00 Incoming Message Body: map[echo:Please echo 47 msg_id:%!s(float64=12) type:echo]
2024/02/04 17:41:00 Sent {"src":"n0","dest":"c2","body":{"echo":"Please echo 47","in_reply_to":12,"msg_id":12,"type":"echo_ok"}}
2024/02/04 17:41:00 Received {c2 n0 {"echo":"Please echo 87","type":"echo","msg_id":13}}
2024/02/04 17:41:00 Incoming Message Body: map[echo:Please echo 87 msg_id:%!s(float64=13) type:echo]
2024/02/04 17:41:00 Sent {"src":"n0","dest":"c2","body":{"echo":"Please echo 87","in_reply_to":13,"msg_id":13,"type":"echo_ok"}}
2024/02/04 17:41:00 Received {c2 n0 {"echo":"Please echo 105","type":"echo","msg_id":14}}
2024/02/04 17:41:00 Incoming Message Body: map[echo:Please echo 105 msg_id:%!s(float64=14) type:echo]
2024/02/04 17:41:00 Sent {"src":"n0","dest":"c2","body":{"echo":"Please echo 105","in_reply_to":14,"msg_id":14,"type":"echo_ok"}}
2024/02/04 17:41:00 Received {c2 n0 {"echo":"Please echo 82","type":"echo","msg_id":15}}
2024/02/04 17:41:00 Incoming Message Body: map[echo:Please echo 82 msg_id:%!s(float64=15) type:echo]
2024/02/04 17:41:00 Sent {"src":"n0","dest":"c2","body":{"echo":"Please echo 82","in_reply_to":15,"msg_id":15,"type":"echo_ok"}}
2024/02/04 17:41:00 Received {c2 n0 {"echo":"Please echo 42","type":"echo","msg_id":16}}
2024/02/04 17:41:00 Incoming Message Body: map[echo:Please echo 42 msg_id:%!s(float64=16) type:echo]
2024/02/04 17:41:00 Sent {"src":"n0","dest":"c2","body":{"echo":"Please echo 42","in_reply_to":16,"msg_id":16,"type":"echo_ok"}}
2024/02/04 17:41:00 Received {c2 n0 {"echo":"Please echo 2","type":"echo","msg_id":17}}
2024/02/04 17:41:00 Incoming Message Body: map[echo:Please echo 2 msg_id:%!s(float64=17) type:echo]
2024/02/04 17:41:00 Sent {"src":"n0","dest":"c2","body":{"echo":"Please echo 2","in_reply_to":17,"msg_id":17,"type":"echo_ok"}}
2024/02/04 17:41:01 Received {c2 n0 {"echo":"Please echo 109","type":"echo","msg_id":18}}
2024/02/04 17:41:01 Incoming Message Body: map[echo:Please echo 109 msg_id:%!s(float64=18) type:echo]
2024/02/04 17:41:01 Sent {"src":"n0","dest":"c2","body":{"echo":"Please echo 109","in_reply_to":18,"msg_id":18,"type":"echo_ok"}}
2024/02/04 17:41:01 Received {c2 n0 {"echo":"Please echo 8","type":"echo","msg_id":19}}
2024/02/04 17:41:01 Incoming Message Body: map[echo:Please echo 8 msg_id:%!s(float64=19) type:echo]
2024/02/04 17:41:01 Sent {"src":"n0","dest":"c2","body":{"echo":"Please echo 8","in_reply_to":19,"msg_id":19,"type":"echo_ok"}}
2024/02/04 17:41:01 Received {c2 n0 {"echo":"Please echo 94","type":"echo","msg_id":20}}
2024/02/04 17:41:01 Incoming Message Body: map[echo:Please echo 94 msg_id:%!s(float64=20) type:echo]
2024/02/04 17:41:01 Sent {"src":"n0","dest":"c2","body":{"echo":"Please echo 94","in_reply_to":20,"msg_id":20,"type":"echo_ok"}}
2024/02/04 17:41:02 Received {c2 n0 {"echo":"Please echo 11","type":"echo","msg_id":21}}
2024/02/04 17:41:02 Incoming Message Body: map[echo:Please echo 11 msg_id:%!s(float64=21) type:echo]
2024/02/04 17:41:02 Sent {"src":"n0","dest":"c2","body":{"echo":"Please echo 11","in_reply_to":21,"msg_id":21,"type":"echo_ok"}}
2024/02/04 17:41:02 Received {c2 n0 {"echo":"Please echo 60","type":"echo","msg_id":22}}
2024/02/04 17:41:02 Incoming Message Body: map[echo:Please echo 60 msg_id:%!s(float64=22) type:echo]
2024/02/04 17:41:02 Sent {"src":"n0","dest":"c2","body":{"echo":"Please echo 60","in_reply_to":22,"msg_id":22,"type":"echo_ok"}}
2024/02/04 17:41:02 Received {c2 n0 {"echo":"Please echo 32","type":"echo","msg_id":23}}
2024/02/04 17:41:02 Incoming Message Body: map[echo:Please echo 32 msg_id:%!s(float64=23) type:echo]
2024/02/04 17:41:02 Sent {"src":"n0","dest":"c2","body":{"echo":"Please echo 32","in_reply_to":23,"msg_id":23,"type":"echo_ok"}}
2024/02/04 17:41:02 Received {c2 n0 {"echo":"Please echo 19","type":"echo","msg_id":24}}
2024/02/04 17:41:02 Incoming Message Body: map[echo:Please echo 19 msg_id:%!s(float64=24) type:echo]
2024/02/04 17:41:02 Sent {"src":"n0","dest":"c2","body":{"echo":"Please echo 19","in_reply_to":24,"msg_id":24,"type":"echo_ok"}}
2024/02/04 17:41:02 Received {c2 n0 {"echo":"Please echo 46","type":"echo","msg_id":25}}
2024/02/04 17:41:02 Incoming Message Body: map[echo:Please echo 46 msg_id:%!s(float64=25) type:echo]
2024/02/04 17:41:02 Sent {"src":"n0","dest":"c2","body":{"echo":"Please echo 46","in_reply_to":25,"msg_id":25,"type":"echo_ok"}}
2024/02/04 17:41:03 Received {c2 n0 {"echo":"Please echo 59","type":"echo","msg_id":26}}
2024/02/04 17:41:03 Incoming Message Body: map[echo:Please echo 59 msg_id:%!s(float64=26) type:echo]
2024/02/04 17:41:03 Sent {"src":"n0","dest":"c2","body":{"echo":"Please echo 59","in_reply_to":26,"msg_id":26,"type":"echo_ok"}}
2024/02/04 17:41:03 Received {c2 n0 {"echo":"Please echo 125","type":"echo","msg_id":27}}
2024/02/04 17:41:03 Incoming Message Body: map[echo:Please echo 125 msg_id:%!s(float64=27) type:echo]
2024/02/04 17:41:03 Sent {"src":"n0","dest":"c2","body":{"echo":"Please echo 125","in_reply_to":27,"msg_id":27,"type":"echo_ok"}}
2024/02/04 17:41:03 Received {c2 n0 {"echo":"Please echo 23","type":"echo","msg_id":28}}
2024/02/04 17:41:03 Incoming Message Body: map[echo:Please echo 23 msg_id:%!s(float64=28) type:echo]
2024/02/04 17:41:03 Sent {"src":"n0","dest":"c2","body":{"echo":"Please echo 23","in_reply_to":28,"msg_id":28,"type":"echo_ok"}}
2024/02/04 17:41:03 Received {c2 n0 {"echo":"Please echo 8","type":"echo","msg_id":29}}
2024/02/04 17:41:03 Incoming Message Body: map[echo:Please echo 8 msg_id:%!s(float64=29) type:echo]
2024/02/04 17:41:03 Sent {"src":"n0","dest":"c2","body":{"echo":"Please echo 8","in_reply_to":29,"msg_id":29,"type":"echo_ok"}}
2024/02/04 17:41:04 Received {c2 n0 {"echo":"Please echo 117","type":"echo","msg_id":30}}
2024/02/04 17:41:04 Incoming Message Body: map[echo:Please echo 117 msg_id:%!s(float64=30) type:echo]
2024/02/04 17:41:04 Sent {"src":"n0","dest":"c2","body":{"echo":"Please echo 117","in_reply_to":30,"msg_id":30,"type":"echo_ok"}}
2024/02/04 17:41:04 Received {c2 n0 {"echo":"Please echo 77","type":"echo","msg_id":31}}
2024/02/04 17:41:04 Incoming Message Body: map[echo:Please echo 77 msg_id:%!s(float64=31) type:echo]
2024/02/04 17:41:04 Sent {"src":"n0","dest":"c2","body":{"echo":"Please echo 77","in_reply_to":31,"msg_id":31,"type":"echo_ok"}}
2024/02/04 17:41:04 Received {c2 n0 {"echo":"Please echo 2","type":"echo","msg_id":32}}
2024/02/04 17:41:04 Incoming Message Body: map[echo:Please echo 2 msg_id:%!s(float64=32) type:echo]
2024/02/04 17:41:04 Sent {"src":"n0","dest":"c2","body":{"echo":"Please echo 2","in_reply_to":32,"msg_id":32,"type":"echo_ok"}}
2024/02/04 17:41:04 Received {c2 n0 {"echo":"Please echo 80","type":"echo","msg_id":33}}
2024/02/04 17:41:04 Incoming Message Body: map[echo:Please echo 80 msg_id:%!s(float64=33) type:echo]
2024/02/04 17:41:04 Sent {"src":"n0","dest":"c2","body":{"echo":"Please echo 80","in_reply_to":33,"msg_id":33,"type":"echo_ok"}}
2024/02/04 17:41:04 Received {c2 n0 {"echo":"Please echo 35","type":"echo","msg_id":34}}
2024/02/04 17:41:04 Incoming Message Body: map[echo:Please echo 35 msg_id:%!s(float64=34) type:echo]
2024/02/04 17:41:04 Sent {"src":"n0","dest":"c2","body":{"echo":"Please echo 35","in_reply_to":34,"msg_id":34,"type":"echo_ok"}}
2024/02/04 17:41:04 Received {c2 n0 {"echo":"Please echo 12","type":"echo","msg_id":35}}
2024/02/04 17:41:04 Incoming Message Body: map[echo:Please echo 12 msg_id:%!s(float64=35) type:echo]
2024/02/04 17:41:04 Sent {"src":"n0","dest":"c2","body":{"echo":"Please echo 12","in_reply_to":35,"msg_id":35,"type":"echo_ok"}}
2024/02/04 17:41:05 Received {c2 n0 {"echo":"Please echo 0","type":"echo","msg_id":36}}
2024/02/04 17:41:05 Incoming Message Body: map[echo:Please echo 0 msg_id:%!s(float64=36) type:echo]
2024/02/04 17:41:05 Sent {"src":"n0","dest":"c2","body":{"echo":"Please echo 0","in_reply_to":36,"msg_id":36,"type":"echo_ok"}}
2024/02/04 17:41:05 Received {c2 n0 {"echo":"Please echo 5","type":"echo","msg_id":37}}
2024/02/04 17:41:05 Incoming Message Body: map[echo:Please echo 5 msg_id:%!s(float64=37) type:echo]
2024/02/04 17:41:05 Sent {"src":"n0","dest":"c2","body":{"echo":"Please echo 5","in_reply_to":37,"msg_id":37,"type":"echo_ok"}}
2024/02/04 17:41:05 Received {c2 n0 {"echo":"Please echo 115","type":"echo","msg_id":38}}
2024/02/04 17:41:05 Incoming Message Body: map[echo:Please echo 115 msg_id:%!s(float64=38) type:echo]
2024/02/04 17:41:05 Sent {"src":"n0","dest":"c2","body":{"echo":"Please echo 115","in_reply_to":38,"msg_id":38,"type":"echo_ok"}}
2024/02/04 17:41:05 Received {c2 n0 {"echo":"Please echo 58","type":"echo","msg_id":39}}
2024/02/04 17:41:05 Incoming Message Body: map[echo:Please echo 58 msg_id:%!s(float64=39) type:echo]
2024/02/04 17:41:05 Sent {"src":"n0","dest":"c2","body":{"echo":"Please echo 58","in_reply_to":39,"msg_id":39,"type":"echo_ok"}}
2024/02/04 17:41:05 Received {c2 n0 {"echo":"Please echo 122","type":"echo","msg_id":40}}
2024/02/04 17:41:05 Incoming Message Body: map[echo:Please echo 122 msg_id:%!s(float64=40) type:echo]
2024/02/04 17:41:05 Sent {"src":"n0","dest":"c2","body":{"echo":"Please echo 122","in_reply_to":40,"msg_id":40,"type":"echo_ok"}}
2024/02/04 17:41:05 Received {c2 n0 {"echo":"Please echo 2","type":"echo","msg_id":41}}
2024/02/04 17:41:05 Incoming Message Body: map[echo:Please echo 2 msg_id:%!s(float64=41) type:echo]
2024/02/04 17:41:05 Sent {"src":"n0","dest":"c2","body":{"echo":"Please echo 2","in_reply_to":41,"msg_id":41,"type":"echo_ok"}}
2024/02/04 17:41:06 Received {c2 n0 {"echo":"Please echo 37","type":"echo","msg_id":42}}
2024/02/04 17:41:06 Incoming Message Body: map[echo:Please echo 37 msg_id:%!s(float64=42) type:echo]
2024/02/04 17:41:06 Sent {"src":"n0","dest":"c2","body":{"echo":"Please echo 37","in_reply_to":42,"msg_id":42,"type":"echo_ok"}}
2024/02/04 17:41:06 Received {c2 n0 {"echo":"Please echo 18","type":"echo","msg_id":43}}
2024/02/04 17:41:06 Incoming Message Body: map[echo:Please echo 18 msg_id:%!s(float64=43) type:echo]
2024/02/04 17:41:06 Sent {"src":"n0","dest":"c2","body":{"echo":"Please echo 18","in_reply_to":43,"msg_id":43,"type":"echo_ok"}}
2024/02/04 17:41:06 Received {c2 n0 {"echo":"Please echo 111","type":"echo","msg_id":44}}
2024/02/04 17:41:06 Incoming Message Body: map[echo:Please echo 111 msg_id:%!s(float64=44) type:echo]
2024/02/04 17:41:06 Sent {"src":"n0","dest":"c2","body":{"echo":"Please echo 111","in_reply_to":44,"msg_id":44,"type":"echo_ok"}}
2024/02/04 17:41:06 Received {c2 n0 {"echo":"Please echo 8","type":"echo","msg_id":45}}
2024/02/04 17:41:06 Incoming Message Body: map[echo:Please echo 8 msg_id:%!s(float64=45) type:echo]
2024/02/04 17:41:06 Sent {"src":"n0","dest":"c2","body":{"echo":"Please echo 8","in_reply_to":45,"msg_id":45,"type":"echo_ok"}}
2024/02/04 17:41:06 Received {c2 n0 {"echo":"Please echo 38","type":"echo","msg_id":46}}
2024/02/04 17:41:06 Incoming Message Body: map[echo:Please echo 38 msg_id:%!s(float64=46) type:echo]
2024/02/04 17:41:06 Sent {"src":"n0","dest":"c2","body":{"echo":"Please echo 38","in_reply_to":46,"msg_id":46,"type":"echo_ok"}}
2024/02/04 17:41:07 Received {c2 n0 {"echo":"Please echo 17","type":"echo","msg_id":47}}
2024/02/04 17:41:07 Incoming Message Body: map[echo:Please echo 17 msg_id:%!s(float64=47) type:echo]
2024/02/04 17:41:07 Sent {"src":"n0","dest":"c2","body":{"echo":"Please echo 17","in_reply_to":47,"msg_id":47,"type":"echo_ok"}}
2024/02/04 17:41:07 Received {c2 n0 {"echo":"Please echo 14","type":"echo","msg_id":48}}
2024/02/04 17:41:07 Incoming Message Body: map[echo:Please echo 14 msg_id:%!s(float64=48) type:echo]
2024/02/04 17:41:07 Sent {"src":"n0","dest":"c2","body":{"echo":"Please echo 14","in_reply_to":48,"msg_id":48,"type":"echo_ok"}}
2024/02/04 17:41:07 Received {c2 n0 {"echo":"Please echo 98","type":"echo","msg_id":49}}
2024/02/04 17:41:07 Incoming Message Body: map[echo:Please echo 98 msg_id:%!s(float64=49) type:echo]
2024/02/04 17:41:07 Sent {"src":"n0","dest":"c2","body":{"echo":"Please echo 98","in_reply_to":49,"msg_id":49,"type":"echo_ok"}}
2024/02/04 17:41:07 Received {c2 n0 {"echo":"Please echo 14","type":"echo","msg_id":50}}
2024/02/04 17:41:07 Incoming Message Body: map[echo:Please echo 14 msg_id:%!s(float64=50) type:echo]
2024/02/04 17:41:07 Sent {"src":"n0","dest":"c2","body":{"echo":"Please echo 14","in_reply_to":50,"msg_id":50,"type":"echo_ok"}}
2024/02/04 17:41:07 Received {c2 n0 {"echo":"Please echo 76","type":"echo","msg_id":51}}
2024/02/04 17:41:07 Incoming Message Body: map[echo:Please echo 76 msg_id:%!s(float64=51) type:echo]
2024/02/04 17:41:07 Sent {"src":"n0","dest":"c2","body":{"echo":"Please echo 76","in_reply_to":51,"msg_id":51,"type":"echo_ok"}}
2024/02/04 17:41:07 Received {c2 n0 {"echo":"Please echo 46","type":"echo","msg_id":52}}
2024/02/04 17:41:07 Incoming Message Body: map[echo:Please echo 46 msg_id:%!s(float64=52) type:echo]
2024/02/04 17:41:07 Sent {"src":"n0","dest":"c2","body":{"echo":"Please echo 46","in_reply_to":52,"msg_id":52,"type":"echo_ok"}}
2024/02/04 17:41:08 Received {c2 n0 {"echo":"Please echo 117","type":"echo","msg_id":53}}
2024/02/04 17:41:08 Incoming Message Body: map[echo:Please echo 117 msg_id:%!s(float64=53) type:echo]
2024/02/04 17:41:08 Sent {"src":"n0","dest":"c2","body":{"echo":"Please echo 117","in_reply_to":53,"msg_id":53,"type":"echo_ok"}}
