2024-02-04 20:21:57,790{GMT}	INFO	[jepsen test runner] jepsen.core: Test version b140591ae58bba7dbc7b615a570c603bbd4f0c66 (plus uncommitted changes)
2024-02-04 20:21:57,790{GMT}	INFO	[jepsen test runner] jepsen.core: Command line:
lein run test -w echo --bin /Users/stemitom/go/bin/echo --node-count 1 --time-limit 10
2024-02-04 20:21:57,848{GMT}	INFO	[jepsen test runner] jepsen.core: Running test:
{:args []
 :remote
 #jepsen.control.retry.Remote{:remote #jepsen.control.scp.Remote{:cmd-remote #jepsen.control.sshj.SSHJRemote{:concurrency-limit 6,
                                                                                                             :conn-spec nil,
                                                                                                             :client nil,
                                                                                                             :semaphore nil},
                                                                 :conn-spec nil},
                              :conn nil}
 :log-net-send false
 :node-count 1
 :availability nil
 :max-txn-length 4
 :concurrency 1
 :db
 #object[maelstrom.db$db$reify__16142
         "0x469caf69"
         "maelstrom.db$db$reify__16142@469caf69"]
 :max-writes-per-key 16
 :leave-db-running? false
 :name "echo"
 :logging-json? false
 :start-time
 #object[org.joda.time.DateTime "0x6ba3eee9" "2024-02-04T20:21:57.739+01:00"]
 :nemesis-interval 10
 :net
 #object[maelstrom.net$jepsen_net$reify__15251
         "0x1d628a88"
         "maelstrom.net$jepsen_net$reify__15251@1d628a88"]
 :client
 #object[maelstrom.workload.echo$client$reify__16863
         "0x3c634a04"
         "maelstrom.workload.echo$client$reify__16863@3c634a04"]
 :barrier
 #object[java.util.concurrent.CyclicBarrier
         "0x4b48be5c"
         "java.util.concurrent.CyclicBarrier@4b48be5c"]
 :log-stderr false
 :pure-generators true
 :ssh {:dummy? true}
 :rate 5
 :checker
 #object[jepsen.checker$compose$reify__11881
         "0x3fe8d57a"
         "jepsen.checker$compose$reify__11881@3fe8d57a"]
 :argv
 ("test"
  "-w"
  "echo"
  "--bin"
  "/Users/stemitom/go/bin/echo"
  "--node-count"
  "1"
  "--time-limit"
  "10")
 :nemesis
 (jepsen.nemesis.ReflCompose
  {:fm {:start-partition 0,
        :stop-partition 0,
        :kill 1,
        :start 1,
        :pause 1,
        :resume 1},
   :nemeses [#unprintable "jepsen.nemesis.combined$partition_nemesis$reify__16416@36573ec5"
             #unprintable "jepsen.nemesis.combined$db_nemesis$reify__16397@10c26161"]})
 :nodes ["n0"]
 :test-count 1
 :latency {:mean 0, :dist :constant}
 :bin "/Users/stemitom/go/bin/echo"
 :generator
 (jepsen.generator.TimeLimit
  {:limit 10000000000,
   :cutoff nil,
   :gen (jepsen.generator.Any
         {:gens [(jepsen.generator.OnThreads
                  {:f #{:nemesis},
                   :context-filter #object[jepsen.generator.context$make_thread_filter$lazy_filter__9167
                                           "0x64b262a7"
                                           "jepsen.generator.context$make_thread_filter$lazy_filter__9167@64b262a7"],
                   :gen nil})
                 (jepsen.generator.OnThreads
                  {:f #jepsen.generator.context.AllBut{:element :nemesis},
                   :context-filter #object[jepsen.generator.context$make_thread_filter$lazy_filter__9167
                                           "0x771c4015"
                                           "jepsen.generator.context$make_thread_filter$lazy_filter__9167@771c4015"],
                   :gen (jepsen.generator.Stagger
                         {:dt 400000000,
                          :next-time nil,
                          :gen (jepsen.generator.EachThread
                                {:fresh-gen #object[maelstrom.workload.echo$workload$fn__16882
                                                    "0x34d776eb"
                                                    "maelstrom.workload.echo$workload$fn__16882@34d776eb"],
                                 :context-filters #object[clojure.core$promise$reify__8591
                                                          "0x60a3a0fa"
                                                          {:status :pending,
                                                           :val nil}],
                                 :gens {}})})})]})})
 :log-net-recv false
 :os
 #object[maelstrom.net$jepsen_os$reify__15254
         "0x17734113"
         "maelstrom.net$jepsen_os$reify__15254@17734113"]
 :time-limit 10
 :workload :echo
 :consistency-models [:strict-serializable]
 :topology :grid}

2024-02-04 20:21:59,249{GMT}	INFO	[jepsen node n0] maelstrom.net: Starting Maelstrom network
2024-02-04 20:21:59,250{GMT}	INFO	[jepsen test runner] jepsen.db: Tearing down DB
2024-02-04 20:21:59,251{GMT}	INFO	[jepsen test runner] jepsen.db: Setting up DB
2024-02-04 20:21:59,253{GMT}	INFO	[jepsen node n0] maelstrom.service: Starting services: (lin-kv lin-tso lww-kv seq-kv)
2024-02-04 20:21:59,254{GMT}	INFO	[jepsen node n0] maelstrom.db: Setting up n0
2024-02-04 20:21:59,255{GMT}	INFO	[jepsen node n0] maelstrom.process: launching /Users/stemitom/go/bin/echo []
2024-02-04 20:21:59,281{GMT}	INFO	[jepsen test runner] jepsen.core: Relative time begins now
2024-02-04 20:21:59,296{GMT}	INFO	[jepsen worker 0] jepsen.util: 0	:invoke	:echo	"Please echo 25"
2024-02-04 20:21:59,302{GMT}	INFO	[jepsen worker 0] jepsen.util: 0	:ok	:echo	{:echo "Please echo 25", :in_reply_to 1, :msg_id 1, :type "echo_ok"}
2024-02-04 20:21:59,611{GMT}	INFO	[jepsen worker 0] jepsen.util: 0	:invoke	:echo	"Please echo 97"
2024-02-04 20:21:59,614{GMT}	INFO	[jepsen worker 0] jepsen.util: 0	:ok	:echo	{:echo "Please echo 97", :in_reply_to 2, :msg_id 2, :type "echo_ok"}
2024-02-04 20:21:59,750{GMT}	INFO	[jepsen worker 0] jepsen.util: 0	:invoke	:echo	"Please echo 20"
2024-02-04 20:21:59,755{GMT}	INFO	[jepsen worker 0] jepsen.util: 0	:ok	:echo	{:echo "Please echo 20", :in_reply_to 3, :msg_id 3, :type "echo_ok"}
2024-02-04 20:22:00,047{GMT}	INFO	[jepsen worker 0] jepsen.util: 0	:invoke	:echo	"Please echo 111"
2024-02-04 20:22:00,051{GMT}	INFO	[jepsen worker 0] jepsen.util: 0	:ok	:echo	{:echo "Please echo 111", :in_reply_to 4, :msg_id 4, :type "echo_ok"}
2024-02-04 20:22:00,101{GMT}	INFO	[jepsen worker 0] jepsen.util: 0	:invoke	:echo	"Please echo 49"
2024-02-04 20:22:00,106{GMT}	INFO	[jepsen worker 0] jepsen.util: 0	:ok	:echo	{:echo "Please echo 49", :in_reply_to 5, :msg_id 5, :type "echo_ok"}
2024-02-04 20:22:00,264{GMT}	INFO	[jepsen worker 0] jepsen.util: 0	:invoke	:echo	"Please echo 49"
2024-02-04 20:22:00,268{GMT}	INFO	[jepsen worker 0] jepsen.util: 0	:ok	:echo	{:echo "Please echo 49", :in_reply_to 6, :msg_id 6, :type "echo_ok"}
2024-02-04 20:22:00,531{GMT}	INFO	[jepsen worker 0] jepsen.util: 0	:invoke	:echo	"Please echo 38"
2024-02-04 20:22:00,534{GMT}	INFO	[jepsen worker 0] jepsen.util: 0	:ok	:echo	{:echo "Please echo 38", :in_reply_to 7, :msg_id 7, :type "echo_ok"}
2024-02-04 20:22:00,662{GMT}	INFO	[jepsen worker 0] jepsen.util: 0	:invoke	:echo	"Please echo 43"
2024-02-04 20:22:00,667{GMT}	INFO	[jepsen worker 0] jepsen.util: 0	:ok	:echo	{:echo "Please echo 43", :in_reply_to 8, :msg_id 8, :type "echo_ok"}
2024-02-04 20:22:00,884{GMT}	INFO	[jepsen worker 0] jepsen.util: 0	:invoke	:echo	"Please echo 125"
2024-02-04 20:22:00,889{GMT}	INFO	[jepsen worker 0] jepsen.util: 0	:ok	:echo	{:echo "Please echo 125", :in_reply_to 9, :msg_id 9, :type "echo_ok"}
2024-02-04 20:22:01,238{GMT}	INFO	[jepsen worker 0] jepsen.util: 0	:invoke	:echo	"Please echo 10"
2024-02-04 20:22:01,244{GMT}	INFO	[jepsen worker 0] jepsen.util: 0	:ok	:echo	{:echo "Please echo 10", :in_reply_to 10, :msg_id 10, :type "echo_ok"}
2024-02-04 20:22:01,534{GMT}	INFO	[jepsen worker 0] jepsen.util: 0	:invoke	:echo	"Please echo 72"
2024-02-04 20:22:01,537{GMT}	INFO	[jepsen worker 0] jepsen.util: 0	:ok	:echo	{:echo "Please echo 72", :in_reply_to 11, :msg_id 11, :type "echo_ok"}
2024-02-04 20:22:01,543{GMT}	INFO	[jepsen worker 0] jepsen.util: 0	:invoke	:echo	"Please echo 54"
2024-02-04 20:22:01,545{GMT}	INFO	[jepsen worker 0] jepsen.util: 0	:ok	:echo	{:echo "Please echo 54", :in_reply_to 12, :msg_id 12, :type "echo_ok"}
2024-02-04 20:22:01,627{GMT}	INFO	[jepsen worker 0] jepsen.util: 0	:invoke	:echo	"Please echo 66"
2024-02-04 20:22:01,630{GMT}	INFO	[jepsen worker 0] jepsen.util: 0	:ok	:echo	{:echo "Please echo 66", :in_reply_to 13, :msg_id 13, :type "echo_ok"}
2024-02-04 20:22:01,975{GMT}	INFO	[jepsen worker 0] jepsen.util: 0	:invoke	:echo	"Please echo 72"
2024-02-04 20:22:01,979{GMT}	INFO	[jepsen worker 0] jepsen.util: 0	:ok	:echo	{:echo "Please echo 72", :in_reply_to 14, :msg_id 14, :type "echo_ok"}
2024-02-04 20:22:02,352{GMT}	INFO	[jepsen worker 0] jepsen.util: 0	:invoke	:echo	"Please echo 114"
2024-02-04 20:22:02,353{GMT}	INFO	[jepsen worker 0] jepsen.util: 0	:ok	:echo	{:echo "Please echo 114", :in_reply_to 15, :msg_id 15, :type "echo_ok"}
2024-02-04 20:22:02,557{GMT}	INFO	[jepsen worker 0] jepsen.util: 0	:invoke	:echo	"Please echo 90"
2024-02-04 20:22:02,560{GMT}	INFO	[jepsen worker 0] jepsen.util: 0	:ok	:echo	{:echo "Please echo 90", :in_reply_to 16, :msg_id 16, :type "echo_ok"}
2024-02-04 20:22:02,938{GMT}	INFO	[jepsen worker 0] jepsen.util: 0	:invoke	:echo	"Please echo 46"
2024-02-04 20:22:02,941{GMT}	INFO	[jepsen worker 0] jepsen.util: 0	:ok	:echo	{:echo "Please echo 46", :in_reply_to 17, :msg_id 17, :type "echo_ok"}
2024-02-04 20:22:03,182{GMT}	INFO	[jepsen worker 0] jepsen.util: 0	:invoke	:echo	"Please echo 100"
2024-02-04 20:22:03,186{GMT}	INFO	[jepsen worker 0] jepsen.util: 0	:ok	:echo	{:echo "Please echo 100", :in_reply_to 18, :msg_id 18, :type "echo_ok"}
2024-02-04 20:22:03,272{GMT}	INFO	[jepsen worker 0] jepsen.util: 0	:invoke	:echo	"Please echo 101"
2024-02-04 20:22:03,277{GMT}	INFO	[jepsen worker 0] jepsen.util: 0	:ok	:echo	{:echo "Please echo 101", :in_reply_to 19, :msg_id 19, :type "echo_ok"}
2024-02-04 20:22:03,364{GMT}	INFO	[jepsen worker 0] jepsen.util: 0	:invoke	:echo	"Please echo 113"
2024-02-04 20:22:03,367{GMT}	INFO	[jepsen worker 0] jepsen.util: 0	:ok	:echo	{:echo "Please echo 113", :in_reply_to 20, :msg_id 20, :type "echo_ok"}
2024-02-04 20:22:03,644{GMT}	INFO	[jepsen worker 0] jepsen.util: 0	:invoke	:echo	"Please echo 73"
2024-02-04 20:22:03,646{GMT}	INFO	[jepsen worker 0] jepsen.util: 0	:ok	:echo	{:echo "Please echo 73", :in_reply_to 21, :msg_id 21, :type "echo_ok"}
2024-02-04 20:22:04,039{GMT}	INFO	[jepsen worker 0] jepsen.util: 0	:invoke	:echo	"Please echo 51"
2024-02-04 20:22:04,043{GMT}	INFO	[jepsen worker 0] jepsen.util: 0	:ok	:echo	{:echo "Please echo 51", :in_reply_to 22, :msg_id 22, :type "echo_ok"}
2024-02-04 20:22:04,294{GMT}	INFO	[jepsen worker 0] jepsen.util: 0	:invoke	:echo	"Please echo 102"
2024-02-04 20:22:04,299{GMT}	INFO	[jepsen worker 0] jepsen.util: 0	:ok	:echo	{:echo "Please echo 102", :in_reply_to 23, :msg_id 23, :type "echo_ok"}
2024-02-04 20:22:04,355{GMT}	INFO	[jepsen worker 0] jepsen.util: 0	:invoke	:echo	"Please echo 25"
2024-02-04 20:22:04,358{GMT}	INFO	[jepsen worker 0] jepsen.util: 0	:ok	:echo	{:echo "Please echo 25", :in_reply_to 24, :msg_id 24, :type "echo_ok"}
2024-02-04 20:22:04,522{GMT}	INFO	[jepsen worker 0] jepsen.util: 0	:invoke	:echo	"Please echo 113"
2024-02-04 20:22:04,527{GMT}	INFO	[jepsen worker 0] jepsen.util: 0	:ok	:echo	{:echo "Please echo 113", :in_reply_to 25, :msg_id 25, :type "echo_ok"}
2024-02-04 20:22:04,634{GMT}	INFO	[jepsen worker 0] jepsen.util: 0	:invoke	:echo	"Please echo 35"
2024-02-04 20:22:04,636{GMT}	INFO	[jepsen worker 0] jepsen.util: 0	:ok	:echo	{:echo "Please echo 35", :in_reply_to 26, :msg_id 26, :type "echo_ok"}
2024-02-04 20:22:04,932{GMT}	INFO	[jepsen worker 0] jepsen.util: 0	:invoke	:echo	"Please echo 4"
2024-02-04 20:22:04,936{GMT}	INFO	[jepsen worker 0] jepsen.util: 0	:ok	:echo	{:echo "Please echo 4", :in_reply_to 27, :msg_id 27, :type "echo_ok"}
2024-02-04 20:22:05,224{GMT}	INFO	[jepsen worker 0] jepsen.util: 0	:invoke	:echo	"Please echo 116"
2024-02-04 20:22:05,227{GMT}	INFO	[jepsen worker 0] jepsen.util: 0	:ok	:echo	{:echo "Please echo 116", :in_reply_to 28, :msg_id 28, :type "echo_ok"}
2024-02-04 20:22:05,249{GMT}	INFO	[jepsen worker 0] jepsen.util: 0	:invoke	:echo	"Please echo 47"
2024-02-04 20:22:05,251{GMT}	INFO	[jepsen worker 0] jepsen.util: 0	:ok	:echo	{:echo "Please echo 47", :in_reply_to 29, :msg_id 29, :type "echo_ok"}
2024-02-04 20:22:05,359{GMT}	INFO	[jepsen worker 0] jepsen.util: 0	:invoke	:echo	"Please echo 120"
2024-02-04 20:22:05,363{GMT}	INFO	[jepsen worker 0] jepsen.util: 0	:ok	:echo	{:echo "Please echo 120", :in_reply_to 30, :msg_id 30, :type "echo_ok"}
2024-02-04 20:22:05,555{GMT}	INFO	[jepsen worker 0] jepsen.util: 0	:invoke	:echo	"Please echo 20"
2024-02-04 20:22:05,557{GMT}	INFO	[jepsen worker 0] jepsen.util: 0	:ok	:echo	{:echo "Please echo 20", :in_reply_to 31, :msg_id 31, :type "echo_ok"}
2024-02-04 20:22:05,831{GMT}	INFO	[jepsen worker 0] jepsen.util: 0	:invoke	:echo	"Please echo 92"
2024-02-04 20:22:05,837{GMT}	INFO	[jepsen worker 0] jepsen.util: 0	:ok	:echo	{:echo "Please echo 92", :in_reply_to 32, :msg_id 32, :type "echo_ok"}
2024-02-04 20:22:06,164{GMT}	INFO	[jepsen worker 0] jepsen.util: 0	:invoke	:echo	"Please echo 27"
2024-02-04 20:22:06,167{GMT}	INFO	[jepsen worker 0] jepsen.util: 0	:ok	:echo	{:echo "Please echo 27", :in_reply_to 33, :msg_id 33, :type "echo_ok"}
2024-02-04 20:22:06,524{GMT}	INFO	[jepsen worker 0] jepsen.util: 0	:invoke	:echo	"Please echo 87"
2024-02-04 20:22:06,526{GMT}	INFO	[jepsen worker 0] jepsen.util: 0	:ok	:echo	{:echo "Please echo 87", :in_reply_to 34, :msg_id 34, :type "echo_ok"}
2024-02-04 20:22:06,635{GMT}	INFO	[jepsen worker 0] jepsen.util: 0	:invoke	:echo	"Please echo 97"
2024-02-04 20:22:06,639{GMT}	INFO	[jepsen worker 0] jepsen.util: 0	:ok	:echo	{:echo "Please echo 97", :in_reply_to 35, :msg_id 35, :type "echo_ok"}
2024-02-04 20:22:06,734{GMT}	INFO	[jepsen worker 0] jepsen.util: 0	:invoke	:echo	"Please echo 23"
2024-02-04 20:22:06,737{GMT}	INFO	[jepsen worker 0] jepsen.util: 0	:ok	:echo	{:echo "Please echo 23", :in_reply_to 36, :msg_id 36, :type "echo_ok"}
2024-02-04 20:22:07,083{GMT}	INFO	[jepsen worker 0] jepsen.util: 0	:invoke	:echo	"Please echo 115"
2024-02-04 20:22:07,086{GMT}	INFO	[jepsen worker 0] jepsen.util: 0	:ok	:echo	{:echo "Please echo 115", :in_reply_to 37, :msg_id 37, :type "echo_ok"}
2024-02-04 20:22:07,274{GMT}	INFO	[jepsen worker 0] jepsen.util: 0	:invoke	:echo	"Please echo 113"
2024-02-04 20:22:07,277{GMT}	INFO	[jepsen worker 0] jepsen.util: 0	:ok	:echo	{:echo "Please echo 113", :in_reply_to 38, :msg_id 38, :type "echo_ok"}
2024-02-04 20:22:07,434{GMT}	INFO	[jepsen worker 0] jepsen.util: 0	:invoke	:echo	"Please echo 120"
2024-02-04 20:22:07,437{GMT}	INFO	[jepsen worker 0] jepsen.util: 0	:ok	:echo	{:echo "Please echo 120", :in_reply_to 39, :msg_id 39, :type "echo_ok"}
2024-02-04 20:22:07,672{GMT}	INFO	[jepsen worker 0] jepsen.util: 0	:invoke	:echo	"Please echo 53"
2024-02-04 20:22:07,675{GMT}	INFO	[jepsen worker 0] jepsen.util: 0	:ok	:echo	{:echo "Please echo 53", :in_reply_to 40, :msg_id 40, :type "echo_ok"}
2024-02-04 20:22:07,849{GMT}	INFO	[jepsen worker 0] jepsen.util: 0	:invoke	:echo	"Please echo 47"
2024-02-04 20:22:07,852{GMT}	INFO	[jepsen worker 0] jepsen.util: 0	:ok	:echo	{:echo "Please echo 47", :in_reply_to 41, :msg_id 41, :type "echo_ok"}
2024-02-04 20:22:07,911{GMT}	INFO	[jepsen worker 0] jepsen.util: 0	:invoke	:echo	"Please echo 74"
2024-02-04 20:22:07,916{GMT}	INFO	[jepsen worker 0] jepsen.util: 0	:ok	:echo	{:echo "Please echo 74", :in_reply_to 42, :msg_id 42, :type "echo_ok"}
2024-02-04 20:22:07,937{GMT}	INFO	[jepsen worker 0] jepsen.util: 0	:invoke	:echo	"Please echo 81"
2024-02-04 20:22:07,939{GMT}	INFO	[jepsen worker 0] jepsen.util: 0	:ok	:echo	{:echo "Please echo 81", :in_reply_to 43, :msg_id 43, :type "echo_ok"}
2024-02-04 20:22:08,201{GMT}	INFO	[jepsen worker 0] jepsen.util: 0	:invoke	:echo	"Please echo 110"
2024-02-04 20:22:08,204{GMT}	INFO	[jepsen worker 0] jepsen.util: 0	:ok	:echo	{:echo "Please echo 110", :in_reply_to 44, :msg_id 44, :type "echo_ok"}
2024-02-04 20:22:08,301{GMT}	INFO	[jepsen worker 0] jepsen.util: 0	:invoke	:echo	"Please echo 32"
2024-02-04 20:22:08,303{GMT}	INFO	[jepsen worker 0] jepsen.util: 0	:ok	:echo	{:echo "Please echo 32", :in_reply_to 45, :msg_id 45, :type "echo_ok"}
2024-02-04 20:22:08,399{GMT}	INFO	[jepsen worker 0] jepsen.util: 0	:invoke	:echo	"Please echo 62"
2024-02-04 20:22:08,402{GMT}	INFO	[jepsen worker 0] jepsen.util: 0	:ok	:echo	{:echo "Please echo 62", :in_reply_to 46, :msg_id 46, :type "echo_ok"}
2024-02-04 20:22:08,623{GMT}	INFO	[jepsen worker 0] jepsen.util: 0	:invoke	:echo	"Please echo 124"
2024-02-04 20:22:08,627{GMT}	INFO	[jepsen worker 0] jepsen.util: 0	:ok	:echo	{:echo "Please echo 124", :in_reply_to 47, :msg_id 47, :type "echo_ok"}
2024-02-04 20:22:08,950{GMT}	INFO	[jepsen worker 0] jepsen.util: 0	:invoke	:echo	"Please echo 83"
2024-02-04 20:22:08,952{GMT}	INFO	[jepsen worker 0] jepsen.util: 0	:ok	:echo	{:echo "Please echo 83", :in_reply_to 48, :msg_id 48, :type "echo_ok"}
2024-02-04 20:22:09,005{GMT}	INFO	[jepsen worker 0] jepsen.util: 0	:invoke	:echo	"Please echo 17"
2024-02-04 20:22:09,007{GMT}	INFO	[jepsen worker 0] jepsen.util: 0	:ok	:echo	{:echo "Please echo 17", :in_reply_to 49, :msg_id 49, :type "echo_ok"}
2024-02-04 20:22:09,213{GMT}	INFO	[jepsen worker 0] jepsen.util: 0	:invoke	:echo	"Please echo 114"
2024-02-04 20:22:09,215{GMT}	INFO	[jepsen worker 0] jepsen.util: 0	:ok	:echo	{:echo "Please echo 114", :in_reply_to 50, :msg_id 50, :type "echo_ok"}
2024-02-04 20:22:09,236{GMT}	INFO	[jepsen test runner] jepsen.core: Run complete, writing
2024-02-04 20:22:09,287{GMT}	INFO	[jepsen node n0] maelstrom.db: Tearing down n0
2024-02-04 20:22:10,301{GMT}	INFO	[jepsen node n0] maelstrom.net: Shutting down Maelstrom network
2024-02-04 20:22:10,302{GMT}	INFO	[jepsen test runner] jepsen.core: Analyzing...
2024-02-04 20:22:13,099{GMT}	INFO	[jepsen test runner] jepsen.core: Analysis complete
2024-02-04 20:22:13,106{GMT}	INFO	[jepsen results] jepsen.store: Wrote /Users/stemitom/shuttle/personal/gossip-glomers-go/echo/store/echo/20240204T202157.739+0100/results.edn
2024-02-04 20:22:13,124{GMT}	INFO	[jepsen test runner] jepsen.core: {:perf {:latency-graph {:valid? true},
        :rate-graph {:valid? true},
        :valid? true},
 :timeline {:valid? true},
 :exceptions {:valid? true},
 :stats {:valid? true,
         :count 50,
         :ok-count 50,
         :fail-count 0,
         :info-count 0,
         :by-f {:echo {:valid? true,
                       :count 50,
                       :ok-count 50,
                       :fail-count 0,
                       :info-count 0}}},
 :availability {:valid? true, :ok-fraction 1.0},
 :net {:all {:send-count 102,
             :recv-count 102,
             :msg-count 102,
             :msgs-per-op 2.04},
       :clients {:send-count 102, :recv-count 102, :msg-count 102},
       :servers {:send-count 0,
                 :recv-count 0,
                 :msg-count 0,
                 :msgs-per-op 0.0},
       :valid? true},
 :workload {:valid? true, :errors ()},
 :valid? true}


Everything looks good! ヽ(‘ー`)ノ
