2024-02-04 21:24:16,871{GMT}	INFO	[jepsen test runner] jepsen.core: Test version b140591ae58bba7dbc7b615a570c603bbd4f0c66 (plus uncommitted changes)
2024-02-04 21:24:16,871{GMT}	INFO	[jepsen test runner] jepsen.core: Command line:
lein run test -w unique-ids --bin /Users/stemitom/go/bin/unique-ids --time-limit 30 --rate 1000 --node-count 3 --availability total --nemesis partition
2024-02-04 21:24:16,957{GMT}	INFO	[jepsen test runner] jepsen.core: Running test:
{:args []
 :remote
 #jepsen.control.retry.Remote{:remote #jepsen.control.scp.Remote{:cmd-remote #jepsen.control.sshj.SSHJRemote{:concurrency-limit 6,
                                                                                                             :conn-spec nil,
                                                                                                             :client nil,
                                                                                                             :semaphore nil},
                                                                 :conn-spec nil},
                              :conn nil}
 :log-net-send false
 :node-count 3
 :availability :total
 :max-txn-length 4
 :concurrency 3
 :db
 #object[maelstrom.db$db$reify__16142
         "0x214738c1"
         "maelstrom.db$db$reify__16142@214738c1"]
 :max-writes-per-key 16
 :leave-db-running? false
 :name "unique-ids"
 :logging-json? false
 :start-time
 #object[org.joda.time.DateTime "0x5e05064b" "2024-02-04T21:24:16.810+01:00"]
 :nemesis-interval 10
 :net
 #object[maelstrom.net$jepsen_net$reify__15251
         "0x527e6bd3"
         "maelstrom.net$jepsen_net$reify__15251@527e6bd3"]
 :client
 #object[maelstrom.workload.unique_ids$client$reify__20074
         "0x4867e76b"
         "maelstrom.workload.unique_ids$client$reify__20074@4867e76b"]
 :barrier
 #object[java.util.concurrent.CyclicBarrier
         "0x6ba3eee9"
         "java.util.concurrent.CyclicBarrier@6ba3eee9"]
 :log-stderr false
 :pure-generators true
 :ssh {:dummy? true}
 :rate 1000.0
 :checker
 #object[jepsen.checker$compose$reify__11881
         "0x1d628a88"
         "jepsen.checker$compose$reify__11881@1d628a88"]
 :argv
 ("test"
  "-w"
  "unique-ids"
  "--bin"
  "/Users/stemitom/go/bin/unique-ids"
  "--time-limit"
  "30"
  "--rate"
  "1000"
  "--node-count"
  "3"
  "--availability"
  "total"
  "--nemesis"
  "partition")
 :nemesis
 (jepsen.nemesis.ReflCompose
  {:fm {:start-partition 0,
        :stop-partition 0,
        :kill 1,
        :start 1,
        :pause 1,
        :resume 1},
   :nemeses [#unprintable "jepsen.nemesis.combined$partition_nemesis$reify__16416@3c634a04"
             #unprintable "jepsen.nemesis.combined$db_nemesis$reify__16397@4b48be5c"]})
 :nodes ["n0" "n1" "n2"]
 :test-count 1
 :latency {:mean 0, :dist :constant}
 :bin "/Users/stemitom/go/bin/unique-ids"
 :generator
 (jepsen.generator.TimeLimit
  {:limit 30000000000,
   :cutoff nil,
   :gen (jepsen.generator.Any
         {:gens [(jepsen.generator.OnThreads
                  {:f #{:nemesis},
                   :context-filter #object[jepsen.generator.context$make_thread_filter$lazy_filter__9167
                                           "0x1660bba7"
                                           "jepsen.generator.context$make_thread_filter$lazy_filter__9167@1660bba7"],
                   :gen (jepsen.generator.Stagger
                         {:dt 20000000000,
                          :next-time nil,
                          :gen (jepsen.generator.FlipFlop
                                {:gens [#object[jepsen.nemesis.combined$partition_package$start__16420
                                                "0x29cd48bd"
                                                "jepsen.nemesis.combined$partition_package$start__16420@29cd48bd"]
                                        ({:type :info,
                                          :f :stop-partition,
                                          :value nil}
                                         {:type :info,
                                          :f :stop-partition,
                                          :value nil}
                                         {:type :info,
                                          :f :stop-partition,
                                          :value nil}
                                         {:type :info,
                                          :f :stop-partition,
                                          :value nil}
                                         {:type :info,
                                          :f :stop-partition,
                                          :value nil}
                                         {:type :info,
                                          :f :stop-partition,
                                          :value nil}
                                         {:type :info,
                                          :f :stop-partition,
                                          :value nil}
                                         {:type :info,
                                          :f :stop-partition,
                                          :value nil}
                                         ...)],
                                 :i 0})})})
                 (jepsen.generator.OnThreads
                  {:f #jepsen.generator.context.AllBut{:element :nemesis},
                   :context-filter #object[jepsen.generator.context$make_thread_filter$lazy_filter__9167
                                           "0x64b262a7"
                                           "jepsen.generator.context$make_thread_filter$lazy_filter__9167@64b262a7"],
                   :gen (jepsen.generator.Stagger
                         {:dt 2000000,
                          :next-time nil,
                          :gen (jepsen.generator.Repeat
                                {:remaining -1, :gen {:f :generate}})})})]})})
 :log-net-recv false
 :os
 #object[maelstrom.net$jepsen_os$reify__15254
         "0x771c4015"
         "maelstrom.net$jepsen_os$reify__15254@771c4015"]
 :time-limit 30
 :workload :unique-ids
 :consistency-models [:strict-serializable]
 :topology :grid}

2024-02-04 21:24:18,345{GMT}	INFO	[jepsen node n0] maelstrom.net: Starting Maelstrom network
2024-02-04 21:24:18,346{GMT}	INFO	[jepsen test runner] jepsen.db: Tearing down DB
2024-02-04 21:24:18,347{GMT}	INFO	[jepsen test runner] jepsen.db: Setting up DB
2024-02-04 21:24:18,348{GMT}	INFO	[jepsen node n2] maelstrom.db: Setting up n2
2024-02-04 21:24:18,348{GMT}	INFO	[jepsen node n1] maelstrom.db: Setting up n1
2024-02-04 21:24:18,349{GMT}	INFO	[jepsen node n2] maelstrom.process: launching /Users/stemitom/go/bin/unique-ids []
2024-02-04 21:24:18,349{GMT}	INFO	[jepsen node n1] maelstrom.process: launching /Users/stemitom/go/bin/unique-ids []
2024-02-04 21:24:18,350{GMT}	INFO	[jepsen node n0] maelstrom.service: Starting services: (lin-kv lin-tso lww-kv seq-kv)
2024-02-04 21:24:18,352{GMT}	INFO	[jepsen node n0] maelstrom.db: Setting up n0
2024-02-04 21:24:18,353{GMT}	INFO	[jepsen node n0] maelstrom.process: launching /Users/stemitom/go/bin/unique-ids []
2024-02-04 21:24:19,306{GMT}	INFO	[jepsen test runner] jepsen.core: Relative time begins now
2024-02-04 21:24:19,330{GMT}	INFO	[jepsen worker nemesis] jepsen.util: :nemesis	:info	:start-partition	:minority-third
2024-02-04 21:24:19,330{GMT}	INFO	[jepsen worker 0] jepsen.util: 0	:invoke	:generate	nil
2024-02-04 21:24:19,330{GMT}	INFO	[jepsen worker 2] jepsen.util: 2	:invoke	:generate	nil
2024-02-04 21:24:19,331{GMT}	INFO	[jepsen worker 1] jepsen.util: 1	:invoke	:generate	nil
2024-02-04 21:24:19,335{GMT}	INFO	[jepsen worker nemesis] jepsen.util: :nemesis	:info	:start-partition	[:isolated {"n2" #{}, "n1" #{}, "n0" #{}}]
2024-02-04 21:24:23,400{GMT}	INFO	[jepsen worker nemesis] jepsen.util: :nemesis	:info	:stop-partition	nil
2024-02-04 21:24:23,401{GMT}	INFO	[jepsen worker nemesis] jepsen.util: :nemesis	:info	:stop-partition	:network-healed
2024-02-04 21:24:24,342{GMT}	INFO	[jepsen worker 1] jepsen.util: 1	:info	:generate	nil	:net-timeout
2024-02-04 21:24:24,342{GMT}	INFO	[jepsen worker 2] jepsen.util: 2	:info	:generate	nil	:net-timeout
2024-02-04 21:24:24,343{GMT}	INFO	[jepsen worker 0] jepsen.util: 0	:info	:generate	nil	:net-timeout
2024-02-04 21:24:24,345{GMT}	INFO	[jepsen worker 2] jepsen.util: 5	:invoke	:generate	nil
2024-02-04 21:24:24,345{GMT}	INFO	[jepsen worker 1] jepsen.util: 4	:invoke	:generate	nil
2024-02-04 21:24:24,351{GMT}	INFO	[jepsen worker 0] jepsen.util: 3	:invoke	:generate	nil
2024-02-04 21:24:29,352{GMT}	INFO	[jepsen worker 2] jepsen.util: 5	:info	:generate	nil	:net-timeout
2024-02-04 21:24:29,359{GMT}	INFO	[jepsen worker 1] jepsen.util: 4	:info	:generate	nil	:net-timeout
2024-02-04 21:24:29,354{GMT}	INFO	[jepsen worker 2] jepsen.util: 8	:invoke	:generate	nil
2024-02-04 21:24:29,360{GMT}	INFO	[jepsen worker 0] jepsen.util: 3	:info	:generate	nil	:net-timeout
2024-02-04 21:24:29,365{GMT}	INFO	[jepsen worker 1] jepsen.util: 7	:invoke	:generate	nil
2024-02-04 21:24:29,366{GMT}	INFO	[jepsen worker 0] jepsen.util: 6	:invoke	:generate	nil
2024-02-04 21:24:33,523{GMT}	INFO	[jepsen worker nemesis] jepsen.util: :nemesis	:info	:start-partition	:majority
2024-02-04 21:24:33,534{GMT}	INFO	[jepsen worker nemesis] jepsen.util: :nemesis	:info	:start-partition	[:isolated {"n0" #{"n2" "n1"}, "n2" #{"n0"}, "n1" #{"n0"}}]
2024-02-04 21:24:34,365{GMT}	INFO	[jepsen worker 2] jepsen.util: 8	:info	:generate	nil	:net-timeout
2024-02-04 21:24:34,368{GMT}	INFO	[jepsen worker 2] jepsen.util: 11	:invoke	:generate	nil
2024-02-04 21:24:34,371{GMT}	INFO	[jepsen worker 1] jepsen.util: 7	:info	:generate	nil	:net-timeout
2024-02-04 21:24:34,371{GMT}	INFO	[jepsen worker 1] jepsen.util: 10	:invoke	:generate	nil
2024-02-04 21:24:34,371{GMT}	INFO	[jepsen worker 0] jepsen.util: 6	:info	:generate	nil	:net-timeout
2024-02-04 21:24:34,374{GMT}	INFO	[jepsen worker 0] jepsen.util: 9	:invoke	:generate	nil
2024-02-04 21:24:39,373{GMT}	INFO	[jepsen worker 2] jepsen.util: 11	:info	:generate	nil	:net-timeout
2024-02-04 21:24:39,374{GMT}	INFO	[jepsen worker 1] jepsen.util: 10	:info	:generate	nil	:net-timeout
2024-02-04 21:24:39,375{GMT}	INFO	[jepsen worker 2] jepsen.util: 14	:invoke	:generate	nil
2024-02-04 21:24:39,378{GMT}	INFO	[jepsen worker 1] jepsen.util: 13	:invoke	:generate	nil
2024-02-04 21:24:39,380{GMT}	INFO	[jepsen worker 0] jepsen.util: 9	:info	:generate	nil	:net-timeout
2024-02-04 21:24:39,381{GMT}	INFO	[jepsen worker 0] jepsen.util: 12	:invoke	:generate	nil
2024-02-04 21:24:44,377{GMT}	INFO	[jepsen worker 2] jepsen.util: 14	:info	:generate	nil	:net-timeout
2024-02-04 21:24:44,378{GMT}	INFO	[jepsen worker 2] jepsen.util: 17	:invoke	:generate	nil
2024-02-04 21:24:44,383{GMT}	INFO	[jepsen worker 0] jepsen.util: 12	:info	:generate	nil	:net-timeout
2024-02-04 21:24:44,383{GMT}	INFO	[jepsen worker 0] jepsen.util: 15	:invoke	:generate	nil
2024-02-04 21:24:44,385{GMT}	INFO	[jepsen worker 1] jepsen.util: 13	:info	:generate	nil	:net-timeout
2024-02-04 21:24:44,386{GMT}	INFO	[jepsen worker 1] jepsen.util: 16	:invoke	:generate	nil
2024-02-04 21:24:49,375{GMT}	INFO	[jepsen worker 2] jepsen.util: 17	:info	:generate	nil	:net-timeout
2024-02-04 21:24:49,382{GMT}	INFO	[jepsen worker 0] jepsen.util: 15	:info	:generate	nil	:net-timeout
2024-02-04 21:24:49,387{GMT}	INFO	[jepsen worker 1] jepsen.util: 16	:info	:generate	nil	:net-timeout
2024-02-04 21:24:49,437{GMT}	INFO	[jepsen test runner] jepsen.core: Run complete, writing
2024-02-04 21:24:49,555{GMT}	INFO	[jepsen node n2] maelstrom.db: Tearing down n2
2024-02-04 21:24:49,555{GMT}	INFO	[jepsen node n1] maelstrom.db: Tearing down n1
2024-02-04 21:24:49,555{GMT}	INFO	[jepsen node n0] maelstrom.db: Tearing down n0
2024-02-04 21:24:50,399{GMT}	INFO	[jepsen node n0] maelstrom.net: Shutting down Maelstrom network
2024-02-04 21:24:50,403{GMT}	WARN	[jepsen test runner] jepsen.core: Test crashed!
clojure.lang.ExceptionInfo: Node n1 crashed with exit status 1. Before crashing, it wrote to STDOUT:

{"src":"n1","dest":"c1","body":{"in_reply_to":1,"type":"init_ok"}}

And to STDERR:

2024/02/04 21:24:19 Received {c1 n1 {"type":"init","node_id":"n1","node_ids":["n0","n1","n2"],"msg_id":1}}
2024/02/04 21:24:19 Node n1 initialized
2024/02/04 21:24:19 Sent {"src":"n1","dest":"c1","body":{"in_reply_to":1,"type":"init_ok"}}
2024/02/04 21:24:19 Received {c8 n1 {"type":"generate","msg_id":1}}
2024/02/04 21:24:19 Error: No handler for {"id":8,"src":"c8","dest":"n1","body":{"type":"generate","msg_id":1}}

Full STDERR logs are available in /Users/stemitom/shuttle/personal/gossip-glomers-go/echo/store/unique-ids/20240204T212416.810+0100/node-logs/n1.log
	at slingshot.support$stack_trace.invoke(support.clj:201)
	at maelstrom.process$stop_node_BANG_.invokeStatic(process.clj:239)
	at maelstrom.process$stop_node_BANG_.invoke(process.clj:217)
	at maelstrom.db$db$reify__16142.teardown_BANG_(db.clj:75)
	at jepsen.db$fn__8744$G__8725__8748.invoke(db.clj:12)
	at jepsen.db$fn__8744$G__8724__8753.invoke(db.clj:12)
	at clojure.core$partial$fn__5908.invoke(core.clj:2642)
	at jepsen.control$on_nodes$fn__8599.invoke(control.clj:314)
	at clojure.lang.AFn.applyToHelper(AFn.java:154)
	at clojure.lang.AFn.applyTo(AFn.java:144)
	at clojure.core$apply.invokeStatic(core.clj:667)
	at clojure.core$with_bindings_STAR_.invokeStatic(core.clj:1990)
	at clojure.core$with_bindings_STAR_.doInvoke(core.clj:1990)
	at clojure.lang.RestFn.applyTo(RestFn.java:142)
	at clojure.core$apply.invokeStatic(core.clj:671)
	at clojure.core$bound_fn_STAR_$fn__5818.doInvoke(core.clj:2020)
	at clojure.lang.RestFn.invoke(RestFn.java:408)
	at dom_top.core$real_pmap_helper$build_thread__211$fn__212.invoke(core.clj:163)
	at clojure.lang.AFn.applyToHelper(AFn.java:152)
	at clojure.lang.AFn.applyTo(AFn.java:144)
	at clojure.core$apply.invokeStatic(core.clj:667)
	at clojure.core$with_bindings_STAR_.invokeStatic(core.clj:1990)
	at clojure.core$with_bindings_STAR_.doInvoke(core.clj:1990)
	at clojure.lang.RestFn.invoke(RestFn.java:425)
	at clojure.lang.AFn.applyToHelper(AFn.java:156)
	at clojure.lang.RestFn.applyTo(RestFn.java:132)
	at clojure.core$apply.invokeStatic(core.clj:671)
	at clojure.core$bound_fn_STAR_$fn__5818.doInvoke(core.clj:2020)
	at clojure.lang.RestFn.invoke(RestFn.java:397)
	at clojure.lang.AFn.run(AFn.java:22)
	at java.base/java.lang.Thread.run(Thread.java:1583)
